<?xml version="1.0" encoding="UTF-8"?>
<!-- Generated by org.testng.reporters.JUnitReportReporter -->
<testsuite hostname="Divya-PC" failures="0" tests="1" name="gitJenkin.CountWordsHashMap" time="0.324" errors="0" timestamp="2020-07-13T21:49:49 IST" skipped="0">
  <testcase classname="gitJenkin.CountWordsHashMap" name="countWordsHashMap" time="0.324"/>
</testsuite> <!-- gitJenkin.CountWordsHashMap -->
