<?xml version="1.0" encoding="UTF-8"?>
<!-- Generated by org.testng.reporters.JUnitReportReporter -->
<testsuite hostname="Divya-PC" failures="0" tests="1" name="gitJenkin.IterateWhile" time="0.011" errors="0" timestamp="2020-07-13T21:49:49 IST" skipped="0">
  <testcase classname="gitJenkin.IterateWhile" name="iteratorWhile" time="0.011"/>
</testsuite> <!-- gitJenkin.IterateWhile -->
