<?xml version="1.0" encoding="UTF-8"?>
<!-- Generated by org.testng.reporters.JUnitReportReporter -->
<testsuite hostname="Divya-PC" failures="0" tests="1" name="gitJenkin.StringReverse" time="1.463" errors="0" timestamp="2020-07-16T19:33:38 IST" skipped="0">
  <testcase classname="gitJenkin.StringReverse" name="stringReverse" time="1.463"/>
</testsuite> <!-- gitJenkin.StringReverse -->
