<?xml version="1.0" encoding="UTF-8"?>
<!-- Generated by org.testng.reporters.JUnitReportReporter -->
<testsuite hostname="Divya-PC" failures="0" tests="1" name="gitJenkin.FibonacciSeries" time="0.247" errors="0" timestamp="2020-07-16T19:33:38 IST" skipped="0">
  <testcase classname="gitJenkin.FibonacciSeries" name="fiboevaluation" time="0.247"/>
</testsuite> <!-- gitJenkin.FibonacciSeries -->
